# JRE version: Java(TM) SE Runtime Environment (8.0_60-b27) (build 1.8.0_60-b27)
# Java VM: Java HotSpot(TM) 64-Bit Server VM (25.60-b23 mixed mode linux-amd64 compressed oops)
Heap:
 PSYoungGen      total 197120K, used 114855K [0x00000000eab00000, 0x00000000fe280000, 0x0000000100000000)
  eden space 145920K, 43% used [0x00000000eab00000,0x00000000ee939be8,0x00000000f3980000)
  from space 51200K, 99% used [0x00000000f3980000,0x00000000f6b702f0,0x00000000f6b80000)
  to   space 85504K, 0% used [0x00000000f8f00000,0x00000000f8f00000,0x00000000fe280000)
 ParOldGen       total 469504K, used 254220K [0x00000000c0000000, 0x00000000dca80000, 0x00000000eab00000)
  object space 469504K, 54% used [0x00000000c0000000,0x00000000cf843280,0x00000000dca80000)
 Metaspace       used 167229K, capacity 183296K, committed 183616K, reserved 1208320K
  class space    used 19914K, capacity 24585K, committed 24704K, reserved 1048576K
GC Heap History (10 events):
Event: 30087.211 GC heap before
{Heap before GC invocations=90 (full 5):
 PSYoungGen      total 239104K, used 181471K [0x00000000eab00000, 0x00000000ff680000, 0x0000000100000000)
  eden space 141824K, 100% used [0x00000000eab00000,0x00000000f3580000,0x00000000f3580000)
  from space 97280K, 40% used [0x00000000f9780000,0x00000000fbe37c48,0x00000000ff680000)
  to   space 98816K, 0% used [0x00000000f3580000,0x00000000f3580000,0x00000000f9600000)
 ParOldGen       total 469504K, used 249749K [0x00000000c0000000, 0x00000000dca80000, 0x00000000eab00000)
  object space 469504K, 53% used [0x00000000c0000000,0x00000000cf3e5648,0x00000000dca80000)
 Metaspace       used 166655K, capacity 182716K, committed 182976K, reserved 1208320K
  class space    used 19871K, capacity 24547K, committed 24576K, reserved 1048576K
Event: 30087.250 GC heap after
Heap after GC invocations=90 (full 5):
 PSYoungGen      total 240640K, used 35402K [0x00000000eab00000, 0x00000000ff800000, 0x0000000100000000)
  eden space 141824K, 0% used [0x00000000eab00000,0x00000000eab00000,0x00000000f3580000)
  from space 98816K, 35% used [0x00000000f3580000,0x00000000f58129c0,0x00000000f9600000)
  to   space 98304K, 0% used [0x00000000f9800000,0x00000000f9800000,0x00000000ff800000)
 ParOldGen       total 469504K, used 253648K [0x00000000c0000000, 0x00000000dca80000, 0x00000000eab00000)
  object space 469504K, 54% used [0x00000000c0000000,0x00000000cf7b4378,0x00000000dca80000)
 Metaspace       used 166655K, capacity 182716K, committed 182976K, reserved 1208320K
  class space    used 19871K, capacity 24547K, committed 24576K, reserved 1048576K
}
Event: 30133.023 GC heap before
{Heap before GC invocations=91 (full 5):
 PSYoungGen      total 240640K, used 177226K [0x00000000eab00000, 0x00000000ff800000, 0x0000000100000000)
  eden space 141824K, 100% used [0x00000000eab00000,0x00000000f3580000,0x00000000f3580000)
  from space 98816K, 35% used [0x00000000f3580000,0x00000000f58129c0,0x00000000f9600000)
  to   space 98304K, 0% used [0x00000000f9800000,0x00000000f9800000,0x00000000ff800000)
 ParOldGen       total 469504K, used 253648K [0x00000000c0000000, 0x00000000dca80000, 0x00000000eab00000)
  object space 469504K, 54% used [0x00000000c0000000,0x00000000cf7b4378,0x00000000dca80000)
 Metaspace       used 166696K, capacity 182716K, committed 182976K, reserved 1208320K
  class space    used 19871K, capacity 24547K, committed 24576K, reserved 1048576K
Event: 30133.061 GC heap after
Heap after GC invocations=91 (full 5):
 PSYoungGen      total 239616K, used 33616K [0x00000000eab00000, 0x00000000ff580000, 0x0000000100000000)
  eden space 143872K, 0% used [0x00000000eab00000,0x00000000eab00000,0x00000000f3780000)
  from space 95744K, 35% used [0x00000000f9800000,0x00000000fb8d40b0,0x00000000ff580000)
  to   space 97280K, 0% used [0x00000000f3780000,0x00000000f3780000,0x00000000f9680000)
 ParOldGen       total 469504K, used 253904K [0x00000000c0000000, 0x00000000dca80000, 0x00000000eab00000)
  object space 469504K, 54% used [0x00000000c0000000,0x00000000cf7f4378,0x00000000dca80000)
 Metaspace       used 166696K, capacity 182716K, committed 182976K, reserved 1208320K
  class space    used 19871K, capacity 24547K, committed 24576K, reserved 1048576K
}
Event: 30151.716 GC heap before
{Heap before GC invocations=92 (full 5):
 PSYoungGen      total 239616K, used 177488K [0x00000000eab00000, 0x00000000ff580000, 0x0000000100000000)
  eden space 143872K, 100% used [0x00000000eab00000,0x00000000f3780000,0x00000000f3780000)
  from space 95744K, 35% used [0x00000000f9800000,0x00000000fb8d40b0,0x00000000ff580000)
  to   space 97280K, 0% used [0x00000000f3780000,0x00000000f3780000,0x00000000f9680000)
 ParOldGen       total 469504K, used 253904K [0x00000000c0000000, 0x00000000dca80000, 0x00000000eab00000)
  object space 469504K, 54% used [0x00000000c0000000,0x00000000cf7f4378,0x00000000dca80000)
 Metaspace       used 166723K, capacity 182728K, committed 182976K, reserved 1208320K
  class space    used 19872K, capacity 24549K, committed 24576K, reserved 1048576K
Event: 30151.771 GC heap after
Heap after GC invocations=92 (full 5):
 PSYoungGen      total 195584K, used 51639K [0x00000000eab00000, 0x00000000fef00000, 0x0000000100000000)
  eden space 143872K, 0% used [0x00000000eab00000,0x00000000eab00000,0x00000000f3780000)
  from space 51712K, 99% used [0x00000000f3780000,0x00000000f69ede50,0x00000000f6a00000)
  to   space 92672K, 0% used [0x00000000f9480000,0x00000000f9480000,0x00000000fef00000)
 ParOldGen       total 469504K, used 253988K [0x00000000c0000000, 0x00000000dca80000, 0x00000000eab00000)
  object space 469504K, 54% used [0x00000000c0000000,0x00000000cf809280,0x00000000dca80000)
 Metaspace       used 166723K, capacity 182728K, committed 182976K, reserved 1208320K
  class space    used 19872K, capacity 24549K, committed 24576K, reserved 1048576K
}
Event: 30292.013 GC heap before
{Heap before GC invocations=93 (full 5):
 PSYoungGen      total 195584K, used 195511K [0x00000000eab00000, 0x00000000fef00000, 0x0000000100000000)
  eden space 143872K, 100% used [0x00000000eab00000,0x00000000f3780000,0x00000000f3780000)
  from space 51712K, 99% used [0x00000000f3780000,0x00000000f69ede50,0x00000000f6a00000)
  to   space 92672K, 0% used [0x00000000f9480000,0x00000000f9480000,0x00000000fef00000)
 ParOldGen       total 469504K, used 253988K [0x00000000c0000000, 0x00000000dca80000, 0x00000000eab00000)
  object space 469504K, 54% used [0x00000000c0000000,0x00000000cf809280,0x00000000dca80000)
 Metaspace       used 166746K, capacity 182792K, committed 182976K, reserved 1208320K
  class space    used 19872K, capacity 24549K, committed 24576K, reserved 1048576K
Event: 30292.089 GC heap after
Heap after GC invocations=93 (full 5):
 PSYoungGen      total 230912K, used 50891K [0x00000000eab00000, 0x00000000fe780000, 0x0000000100000000)
  eden space 145920K, 0% used [0x00000000eab00000,0x00000000eab00000,0x00000000f3980000)
  from space 84992K, 59% used [0x00000000f9480000,0x00000000fc632fc0,0x00000000fe780000)
  to   space 89088K, 0% used [0x00000000f3980000,0x00000000f3980000,0x00000000f9080000)
 ParOldGen       total 469504K, used 254132K [0x00000000c0000000, 0x00000000dca80000, 0x00000000eab00000)
  object space 469504K, 54% used [0x00000000c0000000,0x00000000cf82d280,0x00000000dca80000)
 Metaspace       used 166746K, capacity 182792K, committed 182976K, reserved 1208320K
  class space    used 19872K, capacity 24549K, committed 24576K, reserved 1048576K
}
Event: 30421.333 GC heap before
{Heap before GC invocations=94 (full 5):
 PSYoungGen      total 230912K, used 196811K [0x00000000eab00000, 0x00000000fe780000, 0x0000000100000000)
  eden space 145920K, 100% used [0x00000000eab00000,0x00000000f3980000,0x00000000f3980000)
  from space 84992K, 59% used [0x00000000f9480000,0x00000000fc632fc0,0x00000000fe780000)
  to   space 89088K, 0% used [0x00000000f3980000,0x00000000f3980000,0x00000000f9080000)
 ParOldGen       total 469504K, used 254132K [0x00000000c0000000, 0x00000000dca80000, 0x00000000eab00000)
  object space 469504K, 54% used [0x00000000c0000000,0x00000000cf82d280,0x00000000dca80000)
 Metaspace       used 166939K, capacity 182868K, committed 182976K, reserved 1208320K
  class space    used 19887K, capacity 24551K, committed 24576K, reserved 1048576K
Event: 30421.405 GC heap after
Heap after GC invocations=94 (full 5):
 PSYoungGen      total 197120K, used 51136K [0x00000000eab00000, 0x00000000fe280000, 0x0000000100000000)
  eden space 145920K, 0% used [0x00000000eab00000,0x00000000eab00000,0x00000000f3980000)
  from space 51200K, 99% used [0x00000000f3980000,0x00000000f6b702f0,0x00000000f6b80000)
  to   space 85504K, 0% used [0x00000000f8f00000,0x00000000f8f00000,0x00000000fe280000)
 ParOldGen       total 469504K, used 254220K [0x00000000c0000000, 0x00000000dca80000, 0x00000000eab00000)
  object space 469504K, 54% used [0x00000000c0000000,0x00000000cf843280,0x00000000dca80000)
 Metaspace       used 166939K, capacity 182868K, committed 182976K, reserved 1208320K
  class space    used 19887K, capacity 24551K, committed 24576K, reserved 1048576K
}

